<?xml version="1.0" encoding="UTF-8"?>
<!-- Generated by org.testng.reporters.JUnitReportReporter -->
<testsuite skipped="0" hostname="ARPGL001289" name="com.W3.qa.testcases.HomePageTest" tests="7" failures="0" timestamp="19 Jul 2021 10:05:29 GMT" time="142.365" errors="0">
  <testcase name="homePageTitle" time="18.473" classname="com.W3.qa.testcases.HomePageTest"/>
  <testcase name="profileNameTest" time="18.735" classname="com.W3.qa.testcases.HomePageTest"/>
  <testcase name="logoutbuttontest" time="18.824" classname="com.W3.qa.testcases.HomePageTest"/>
  <testcase name="clickonSettingPageTest" time="17.303" classname="com.W3.qa.testcases.HomePageTest"/>
  <testcase name="clickonBillingTest" time="20.192" classname="com.W3.qa.testcases.HomePageTest"/>
  <testcase name="clickonMyLeaningTest" time="22.089" classname="com.W3.qa.testcases.HomePageTest"/>
  <testcase name="clickonPaidCourseTest" time="26.749" classname="com.W3.qa.testcases.HomePageTest"/>
</testsuite> <!-- com.W3.qa.testcases.HomePageTest -->
