<?xml version="1.0" encoding="UTF-8"?>
<!-- Generated by org.testng.reporters.JUnitReportReporter -->
<testsuite skipped="0" hostname="ARPGL001289" name="com.W3.qa.testcases.MyLearningTest" tests="2" failures="0" timestamp="16 Jul 2021 11:48:34 GMT" time="50.577" errors="0">
  <testcase name="clickonjavaTest" time="22.152" classname="com.W3.qa.testcases.MyLearningTest"/>
  <testcase name="clickonjavaintroTest" time="28.425" classname="com.W3.qa.testcases.MyLearningTest"/>
</testsuite> <!-- com.W3.qa.testcases.MyLearningTest -->
