<?xml version="1.0" encoding="UTF-8"?>
<!-- Generated by org.testng.reporters.JUnitReportReporter -->
<testsuite skipped="0" hostname="ARPGL001289" name="com.W3.qa.testcases.SettingPageTest" tests="4" failures="0" timestamp="19 Jul 2021 08:54:14 GMT" time="107.362" errors="0">
  <testcase name="updateProfileTest" time="24.455" classname="com.W3.qa.testcases.SettingPageTest"/>
  <testcase name="updateProfileTest" time="25.999" classname="com.W3.qa.testcases.SettingPageTest"/>
  <testcase name="updateProfileTest" time="21.891" classname="com.W3.qa.testcases.SettingPageTest"/>
  <testcase name="updateProfileTest" time="35.017" classname="com.W3.qa.testcases.SettingPageTest"/>
</testsuite> <!-- com.W3.qa.testcases.SettingPageTest -->
