<?xml version="1.0" encoding="UTF-8"?>
<!-- Generated by org.testng.reporters.JUnitReportReporter -->
<testsuite skipped="0" hostname="ARPGL001289" name="com.W3.qa.testcases.LoginPageTest" tests="2" failures="0" timestamp="19 Jul 2021 10:11:07 GMT" time="18.521" errors="0">
  <testcase name="titleTest" time="6.562" classname="com.W3.qa.testcases.LoginPageTest"/>
  <testcase name="loginTest" time="11.959" classname="com.W3.qa.testcases.LoginPageTest"/>
</testsuite> <!-- com.W3.qa.testcases.LoginPageTest -->
